<?xml version="1.0" encoding="UTF-8"?>
<!-- Generated by org.testng.reporters.JUnitXMLReporter -->
<testsuite ignored="0" hostname="DESKTOP-7KS5IFD" failures="5" tests="10" name="Run on Firefox browser" time="15.683" errors="0" timestamp="2024-09-17T16:37:15 ICT">
  <testcase classname="guruAccount.Payment" name="Test_01_Create_Customer_Account" time="2.01"/>
  <testcase classname="guruAccount.New_Customer" name="Test_01_Verify_Name_Field" time="1.041"/>
  <testcase classname="guruAccount.New_Customer" name="Test_02_Verify_Address_Field" time="0.268"/>
  <testcase classname="guruAccount.New_Customer" name="Test_03_Verify_City_Field" time="0.322"/>
  <testcase classname="guruAccount.New_Customer" name="Test_04_Verify_State_Field" time="0.2">
    <failure type="java.lang.AssertionError" message="expected [State Field must not be blank] but found [State must not be blank]">
      <![CDATA[java.lang.AssertionError: expected [State Field must not be blank] but found [State must not be blank]
at guruAccount.New_Customer.Test_04_Verify_State_Field(New_Customer.java:97)
at java.base/java.util.concurrent.Executors$RunnableAdapter.call(Executors.java:515)
at java.base/java.util.concurrent.FutureTask.run(FutureTask.java:264)
at java.base/java.util.concurrent.ThreadPoolExecutor.runWorker(ThreadPoolExecutor.java:1128)
at java.base/java.util.concurrent.ThreadPoolExecutor$Worker.run(ThreadPoolExecutor.java:628)
at java.base/java.lang.Thread.run(Thread.java:834)
... Removed 19 stack frames]]>
    </failure>
  </testcase> <!-- Test_04_Verify_State_Field -->
  <testcase classname="guruAccount.New_Customer" name="Test_05_Verify_PIN_Field" time="0.194">
    <failure type="java.lang.AssertionError" message="expected [PIN Code must not be blank] but found [Characters are not allowed]">
      <![CDATA[java.lang.AssertionError: expected [PIN Code must not be blank] but found [Characters are not allowed]
at guruAccount.New_Customer.Test_05_Verify_PIN_Field(New_Customer.java:122)
at java.base/java.util.concurrent.Executors$RunnableAdapter.call(Executors.java:515)
at java.base/java.util.concurrent.FutureTask.run(FutureTask.java:264)
at java.base/java.util.concurrent.ThreadPoolExecutor.runWorker(ThreadPoolExecutor.java:1128)
at java.base/java.util.concurrent.ThreadPoolExecutor$Worker.run(ThreadPoolExecutor.java:628)
at java.base/java.lang.Thread.run(Thread.java:834)
... Removed 19 stack frames]]>
    </failure>
  </testcase> <!-- Test_05_Verify_PIN_Field -->
  <testcase classname="guruAccount.Payment" name="Test_02_Edit_Customer_Account" time="1.38"/>
  <testcase classname="guruAccount.New_Customer" name="Test_06_Verify_Mobile_Field" time="0.222">
    <failure type="java.lang.AssertionError" message="expected [Telephone cannot have space] but found [Characters are not allowed]">
      <![CDATA[java.lang.AssertionError: expected [Telephone cannot have space] but found [Characters are not allowed]
at guruAccount.New_Customer.Test_06_Verify_Mobile_Field(New_Customer.java:153)
at java.base/java.util.concurrent.Executors$RunnableAdapter.call(Executors.java:515)
at java.base/java.util.concurrent.FutureTask.run(FutureTask.java:264)
at java.base/java.util.concurrent.ThreadPoolExecutor.runWorker(ThreadPoolExecutor.java:1128)
at java.base/java.util.concurrent.ThreadPoolExecutor$Worker.run(ThreadPoolExecutor.java:628)
at java.base/java.lang.Thread.run(Thread.java:834)
... Removed 19 stack frames]]>
    </failure>
  </testcase> <!-- Test_06_Verify_Mobile_Field -->
  <testcase classname="guruAccount.New_Customer" name="Test_07_Verify_Email_Field" time="0.161">
    <failure type="java.lang.AssertionError" message="expected [Mobile no must not be blank] but found [Email-ID must not be blank]">
      <![CDATA[java.lang.AssertionError: expected [Mobile no must not be blank] but found [Email-ID must not be blank]
at guruAccount.New_Customer.Test_07_Verify_Email_Field(New_Customer.java:169)
at java.base/java.util.concurrent.Executors$RunnableAdapter.call(Executors.java:515)
at java.base/java.util.concurrent.FutureTask.run(FutureTask.java:264)
at java.base/java.util.concurrent.ThreadPoolExecutor.runWorker(ThreadPoolExecutor.java:1128)
at java.base/java.util.concurrent.ThreadPoolExecutor$Worker.run(ThreadPoolExecutor.java:628)
at java.base/java.lang.Thread.run(Thread.java:834)
... Removed 19 stack frames]]>
    </failure>
  </testcase> <!-- Test_07_Verify_Email_Field -->
  <testcase classname="guruAccount.New_Customer" name="Test_08_Verify_Field_Label" time="0.083">
    <failure type="java.lang.AssertionError" message="expected [Mobile Number] but found []">
      <![CDATA[java.lang.AssertionError: expected [Mobile Number] but found []
at guruAccount.New_Customer.Test_08_Verify_Field_Label(New_Customer.java:200)
at java.base/java.util.concurrent.Executors$RunnableAdapter.call(Executors.java:515)
at java.base/java.util.concurrent.FutureTask.run(FutureTask.java:264)
at java.base/java.util.concurrent.ThreadPoolExecutor.runWorker(ThreadPoolExecutor.java:1128)
at java.base/java.util.concurrent.ThreadPoolExecutor$Worker.run(ThreadPoolExecutor.java:628)
at java.base/java.lang.Thread.run(Thread.java:834)
... Removed 19 stack frames]]>
    </failure>
  </testcase> <!-- Test_08_Verify_Field_Label -->
</testsuite> <!-- Run on Firefox browser -->
