<?xml version="1.0" encoding="UTF-8"?>
<testng-results ignored="0" total="10" passed="5" failed="5" skipped="0">
  <reporter-output>
  </reporter-output>
  <suite started-at="2024-09-17T16:36:59 ICT" name="Selenium Webdriver" finished-at="2024-09-17T16:37:14 ICT" duration-ms="15683">
    <groups>
    </groups>
    <test started-at="2024-09-17T16:36:59 ICT" name="Run on Firefox browser" finished-at="2024-09-17T16:37:14 ICT" duration-ms="15683">
      <class name="guruAccount.Payment">
        <test-method is-config="true" signature="beforeClass(java.lang.String,java.lang.String)[pri:0, instance:guruAccount.Payment@5109e8cf]" started-at="2024-09-17T16:36:59 ICT" name="beforeClass" finished-at="2024-09-17T16:37:09 ICT" duration-ms="10124" status="PASS">
          <params>
            <param index="0">
              <value>
                <![CDATA[firefox]]>
              </value>
            </param>
            <param index="1">
              <value>
                <![CDATA[https://demo.guru99.com/v4]]>
              </value>
            </param>
          </params>
          <reporter-output>
          </reporter-output>
        </test-method> <!-- beforeClass -->
        <test-method signature="Test_01_Create_Customer_Account(java.lang.reflect.Method)[pri:0, instance:guruAccount.Payment@5109e8cf]" started-at="2024-09-17T16:37:09 ICT" name="Test_01_Create_Customer_Account" finished-at="2024-09-17T16:37:11 ICT" duration-ms="2010" status="PASS">
          <params>
            <param index="0">
              <value>
                <![CDATA[public void guruAccount.Payment.Test_01_Create_Customer_Account(java.lang.reflect.Method) throws java.lang.InterruptedException]]>
              </value>
            </param>
          </params>
          <reporter-output>
          </reporter-output>
        </test-method> <!-- Test_01_Create_Customer_Account -->
        <test-method signature="Test_02_Edit_Customer_Account(java.lang.reflect.Method)[pri:0, instance:guruAccount.Payment@5109e8cf]" started-at="2024-09-17T16:37:11 ICT" name="Test_02_Edit_Customer_Account" finished-at="2024-09-17T16:37:12 ICT" duration-ms="1380" status="PASS">
          <params>
            <param index="0">
              <value>
                <![CDATA[public void guruAccount.Payment.Test_02_Edit_Customer_Account(java.lang.reflect.Method) throws java.lang.InterruptedException]]>
              </value>
            </param>
          </params>
          <reporter-output>
          </reporter-output>
        </test-method> <!-- Test_02_Edit_Customer_Account -->
        <test-method is-config="true" signature="afterClass()[pri:0, instance:guruAccount.Payment@5109e8cf]" started-at="2024-09-17T16:37:12 ICT" name="afterClass" finished-at="2024-09-17T16:37:14 ICT" duration-ms="2070" status="PASS">
          <reporter-output>
          </reporter-output>
        </test-method> <!-- afterClass -->
      </class> <!-- guruAccount.Payment -->
      <class name="guruAccount.New_Customer">
        <test-method is-config="true" signature="beforeClass(java.lang.String,java.lang.String)[pri:0, instance:guruAccount.New_Customer@6c65860d]" started-at="2024-09-17T16:36:59 ICT" name="beforeClass" finished-at="2024-09-17T16:37:10 ICT" duration-ms="10937" status="PASS">
          <params>
            <param index="0">
              <value>
                <![CDATA[firefox]]>
              </value>
            </param>
            <param index="1">
              <value>
                <![CDATA[https://demo.guru99.com/v4]]>
              </value>
            </param>
          </params>
          <reporter-output>
          </reporter-output>
        </test-method> <!-- beforeClass -->
        <test-method signature="Test_01_Verify_Name_Field(java.lang.reflect.Method)[pri:0, instance:guruAccount.New_Customer@6c65860d]" started-at="2024-09-17T16:37:10 ICT" name="Test_01_Verify_Name_Field" finished-at="2024-09-17T16:37:11 ICT" duration-ms="1041" status="PASS">
          <params>
            <param index="0">
              <value>
                <![CDATA[public void guruAccount.New_Customer.Test_01_Verify_Name_Field(java.lang.reflect.Method)]]>
              </value>
            </param>
          </params>
          <reporter-output>
          </reporter-output>
        </test-method> <!-- Test_01_Verify_Name_Field -->
        <test-method signature="Test_02_Verify_Address_Field(java.lang.reflect.Method)[pri:0, instance:guruAccount.New_Customer@6c65860d]" started-at="2024-09-17T16:37:11 ICT" name="Test_02_Verify_Address_Field" finished-at="2024-09-17T16:37:11 ICT" duration-ms="268" status="PASS">
          <params>
            <param index="0">
              <value>
                <![CDATA[public void guruAccount.New_Customer.Test_02_Verify_Address_Field(java.lang.reflect.Method)]]>
              </value>
            </param>
          </params>
          <reporter-output>
          </reporter-output>
        </test-method> <!-- Test_02_Verify_Address_Field -->
        <test-method signature="Test_03_Verify_City_Field(java.lang.reflect.Method)[pri:0, instance:guruAccount.New_Customer@6c65860d]" started-at="2024-09-17T16:37:11 ICT" name="Test_03_Verify_City_Field" finished-at="2024-09-17T16:37:12 ICT" duration-ms="322" status="PASS">
          <params>
            <param index="0">
              <value>
                <![CDATA[public void guruAccount.New_Customer.Test_03_Verify_City_Field(java.lang.reflect.Method)]]>
              </value>
            </param>
          </params>
          <reporter-output>
          </reporter-output>
        </test-method> <!-- Test_03_Verify_City_Field -->
        <test-method signature="Test_04_Verify_State_Field(java.lang.reflect.Method)[pri:0, instance:guruAccount.New_Customer@6c65860d]" started-at="2024-09-17T16:37:12 ICT" name="Test_04_Verify_State_Field" finished-at="2024-09-17T16:37:12 ICT" duration-ms="200" status="FAIL">
          <params>
            <param index="0">
              <value>
                <![CDATA[public void guruAccount.New_Customer.Test_04_Verify_State_Field(java.lang.reflect.Method)]]>
              </value>
            </param>
          </params>
          <exception class="java.lang.AssertionError">
            <message>
              <![CDATA[expected [State Field must not be blank] but found [State must not be blank]]]>
            </message>
            <full-stacktrace>
              <![CDATA[java.lang.AssertionError: expected [State Field must not be blank] but found [State must not be blank]
at org.testng.Assert.fail(Assert.java:111)
at org.testng.Assert.failNotEquals(Assert.java:1578)
at org.testng.Assert.assertEqualsImpl(Assert.java:150)
at org.testng.Assert.assertEquals(Assert.java:132)
at org.testng.Assert.assertEquals(Assert.java:656)
at org.testng.Assert.assertEquals(Assert.java:666)
at guruAccount.New_Customer.Test_04_Verify_State_Field(New_Customer.java:97)
at java.base/jdk.internal.reflect.NativeMethodAccessorImpl.invoke0(Native Method)
at java.base/jdk.internal.reflect.NativeMethodAccessorImpl.invoke(NativeMethodAccessorImpl.java:62)
at java.base/jdk.internal.reflect.DelegatingMethodAccessorImpl.invoke(DelegatingMethodAccessorImpl.java:43)
at java.base/java.lang.reflect.Method.invoke(Method.java:566)
at org.testng.internal.invokers.MethodInvocationHelper.invokeMethod(MethodInvocationHelper.java:141)
at org.testng.internal.invokers.TestInvoker.invokeMethod(TestInvoker.java:686)
at org.testng.internal.invokers.TestInvoker.invokeTestMethod(TestInvoker.java:230)
at org.testng.internal.invokers.MethodRunner.runInSequence(MethodRunner.java:63)
at org.testng.internal.invokers.TestInvoker$MethodInvocationAgent.invoke(TestInvoker.java:992)
at org.testng.internal.invokers.TestInvoker.invokeTestMethods(TestInvoker.java:203)
at org.testng.internal.invokers.TestMethodWorker.invokeTestMethods(TestMethodWorker.java:154)
at org.testng.internal.invokers.TestMethodWorker.run(TestMethodWorker.java:134)
at java.base/java.util.concurrent.Executors$RunnableAdapter.call(Executors.java:515)
at java.base/java.util.concurrent.FutureTask.run(FutureTask.java:264)
at org.testng.internal.thread.graph.TestNGFutureTask.run(TestNGFutureTask.java:22)
at java.base/java.util.concurrent.ThreadPoolExecutor.runWorker(ThreadPoolExecutor.java:1128)
at java.base/java.util.concurrent.ThreadPoolExecutor$Worker.run(ThreadPoolExecutor.java:628)
at java.base/java.lang.Thread.run(Thread.java:834)
]]>
            </full-stacktrace>
          </exception> <!-- java.lang.AssertionError -->
          <reporter-output>
          </reporter-output>
        </test-method> <!-- Test_04_Verify_State_Field -->
        <test-method signature="Test_05_Verify_PIN_Field(java.lang.reflect.Method)[pri:0, instance:guruAccount.New_Customer@6c65860d]" started-at="2024-09-17T16:37:12 ICT" name="Test_05_Verify_PIN_Field" finished-at="2024-09-17T16:37:12 ICT" duration-ms="194" status="FAIL">
          <params>
            <param index="0">
              <value>
                <![CDATA[public void guruAccount.New_Customer.Test_05_Verify_PIN_Field(java.lang.reflect.Method)]]>
              </value>
            </param>
          </params>
          <exception class="java.lang.AssertionError">
            <message>
              <![CDATA[expected [PIN Code must not be blank] but found [Characters are not allowed]]]>
            </message>
            <full-stacktrace>
              <![CDATA[java.lang.AssertionError: expected [PIN Code must not be blank] but found [Characters are not allowed]
at org.testng.Assert.fail(Assert.java:111)
at org.testng.Assert.failNotEquals(Assert.java:1578)
at org.testng.Assert.assertEqualsImpl(Assert.java:150)
at org.testng.Assert.assertEquals(Assert.java:132)
at org.testng.Assert.assertEquals(Assert.java:656)
at org.testng.Assert.assertEquals(Assert.java:666)
at guruAccount.New_Customer.Test_05_Verify_PIN_Field(New_Customer.java:122)
at java.base/jdk.internal.reflect.NativeMethodAccessorImpl.invoke0(Native Method)
at java.base/jdk.internal.reflect.NativeMethodAccessorImpl.invoke(NativeMethodAccessorImpl.java:62)
at java.base/jdk.internal.reflect.DelegatingMethodAccessorImpl.invoke(DelegatingMethodAccessorImpl.java:43)
at java.base/java.lang.reflect.Method.invoke(Method.java:566)
at org.testng.internal.invokers.MethodInvocationHelper.invokeMethod(MethodInvocationHelper.java:141)
at org.testng.internal.invokers.TestInvoker.invokeMethod(TestInvoker.java:686)
at org.testng.internal.invokers.TestInvoker.invokeTestMethod(TestInvoker.java:230)
at org.testng.internal.invokers.MethodRunner.runInSequence(MethodRunner.java:63)
at org.testng.internal.invokers.TestInvoker$MethodInvocationAgent.invoke(TestInvoker.java:992)
at org.testng.internal.invokers.TestInvoker.invokeTestMethods(TestInvoker.java:203)
at org.testng.internal.invokers.TestMethodWorker.invokeTestMethods(TestMethodWorker.java:154)
at org.testng.internal.invokers.TestMethodWorker.run(TestMethodWorker.java:134)
at java.base/java.util.concurrent.Executors$RunnableAdapter.call(Executors.java:515)
at java.base/java.util.concurrent.FutureTask.run(FutureTask.java:264)
at org.testng.internal.thread.graph.TestNGFutureTask.run(TestNGFutureTask.java:22)
at java.base/java.util.concurrent.ThreadPoolExecutor.runWorker(ThreadPoolExecutor.java:1128)
at java.base/java.util.concurrent.ThreadPoolExecutor$Worker.run(ThreadPoolExecutor.java:628)
at java.base/java.lang.Thread.run(Thread.java:834)
]]>
            </full-stacktrace>
          </exception> <!-- java.lang.AssertionError -->
          <reporter-output>
          </reporter-output>
        </test-method> <!-- Test_05_Verify_PIN_Field -->
        <test-method signature="Test_06_Verify_Mobile_Field(java.lang.reflect.Method)[pri:0, instance:guruAccount.New_Customer@6c65860d]" started-at="2024-09-17T16:37:12 ICT" name="Test_06_Verify_Mobile_Field" finished-at="2024-09-17T16:37:12 ICT" duration-ms="222" status="FAIL">
          <params>
            <param index="0">
              <value>
                <![CDATA[public void guruAccount.New_Customer.Test_06_Verify_Mobile_Field(java.lang.reflect.Method)]]>
              </value>
            </param>
          </params>
          <exception class="java.lang.AssertionError">
            <message>
              <![CDATA[expected [Telephone cannot have space] but found [Characters are not allowed]]]>
            </message>
            <full-stacktrace>
              <![CDATA[java.lang.AssertionError: expected [Telephone cannot have space] but found [Characters are not allowed]
at org.testng.Assert.fail(Assert.java:111)
at org.testng.Assert.failNotEquals(Assert.java:1578)
at org.testng.Assert.assertEqualsImpl(Assert.java:150)
at org.testng.Assert.assertEquals(Assert.java:132)
at org.testng.Assert.assertEquals(Assert.java:656)
at org.testng.Assert.assertEquals(Assert.java:666)
at guruAccount.New_Customer.Test_06_Verify_Mobile_Field(New_Customer.java:153)
at java.base/jdk.internal.reflect.NativeMethodAccessorImpl.invoke0(Native Method)
at java.base/jdk.internal.reflect.NativeMethodAccessorImpl.invoke(NativeMethodAccessorImpl.java:62)
at java.base/jdk.internal.reflect.DelegatingMethodAccessorImpl.invoke(DelegatingMethodAccessorImpl.java:43)
at java.base/java.lang.reflect.Method.invoke(Method.java:566)
at org.testng.internal.invokers.MethodInvocationHelper.invokeMethod(MethodInvocationHelper.java:141)
at org.testng.internal.invokers.TestInvoker.invokeMethod(TestInvoker.java:686)
at org.testng.internal.invokers.TestInvoker.invokeTestMethod(TestInvoker.java:230)
at org.testng.internal.invokers.MethodRunner.runInSequence(MethodRunner.java:63)
at org.testng.internal.invokers.TestInvoker$MethodInvocationAgent.invoke(TestInvoker.java:992)
at org.testng.internal.invokers.TestInvoker.invokeTestMethods(TestInvoker.java:203)
at org.testng.internal.invokers.TestMethodWorker.invokeTestMethods(TestMethodWorker.java:154)
at org.testng.internal.invokers.TestMethodWorker.run(TestMethodWorker.java:134)
at java.base/java.util.concurrent.Executors$RunnableAdapter.call(Executors.java:515)
at java.base/java.util.concurrent.FutureTask.run(FutureTask.java:264)
at org.testng.internal.thread.graph.TestNGFutureTask.run(TestNGFutureTask.java:22)
at java.base/java.util.concurrent.ThreadPoolExecutor.runWorker(ThreadPoolExecutor.java:1128)
at java.base/java.util.concurrent.ThreadPoolExecutor$Worker.run(ThreadPoolExecutor.java:628)
at java.base/java.lang.Thread.run(Thread.java:834)
]]>
            </full-stacktrace>
          </exception> <!-- java.lang.AssertionError -->
          <reporter-output>
          </reporter-output>
        </test-method> <!-- Test_06_Verify_Mobile_Field -->
        <test-method signature="Test_07_Verify_Email_Field(java.lang.reflect.Method)[pri:0, instance:guruAccount.New_Customer@6c65860d]" started-at="2024-09-17T16:37:12 ICT" name="Test_07_Verify_Email_Field" finished-at="2024-09-17T16:37:13 ICT" duration-ms="161" status="FAIL">
          <params>
            <param index="0">
              <value>
                <![CDATA[public void guruAccount.New_Customer.Test_07_Verify_Email_Field(java.lang.reflect.Method)]]>
              </value>
            </param>
          </params>
          <exception class="java.lang.AssertionError">
            <message>
              <![CDATA[expected [Mobile no must not be blank] but found [Email-ID must not be blank]]]>
            </message>
            <full-stacktrace>
              <![CDATA[java.lang.AssertionError: expected [Mobile no must not be blank] but found [Email-ID must not be blank]
at org.testng.Assert.fail(Assert.java:111)
at org.testng.Assert.failNotEquals(Assert.java:1578)
at org.testng.Assert.assertEqualsImpl(Assert.java:150)
at org.testng.Assert.assertEquals(Assert.java:132)
at org.testng.Assert.assertEquals(Assert.java:656)
at org.testng.Assert.assertEquals(Assert.java:666)
at guruAccount.New_Customer.Test_07_Verify_Email_Field(New_Customer.java:169)
at java.base/jdk.internal.reflect.NativeMethodAccessorImpl.invoke0(Native Method)
at java.base/jdk.internal.reflect.NativeMethodAccessorImpl.invoke(NativeMethodAccessorImpl.java:62)
at java.base/jdk.internal.reflect.DelegatingMethodAccessorImpl.invoke(DelegatingMethodAccessorImpl.java:43)
at java.base/java.lang.reflect.Method.invoke(Method.java:566)
at org.testng.internal.invokers.MethodInvocationHelper.invokeMethod(MethodInvocationHelper.java:141)
at org.testng.internal.invokers.TestInvoker.invokeMethod(TestInvoker.java:686)
at org.testng.internal.invokers.TestInvoker.invokeTestMethod(TestInvoker.java:230)
at org.testng.internal.invokers.MethodRunner.runInSequence(MethodRunner.java:63)
at org.testng.internal.invokers.TestInvoker$MethodInvocationAgent.invoke(TestInvoker.java:992)
at org.testng.internal.invokers.TestInvoker.invokeTestMethods(TestInvoker.java:203)
at org.testng.internal.invokers.TestMethodWorker.invokeTestMethods(TestMethodWorker.java:154)
at org.testng.internal.invokers.TestMethodWorker.run(TestMethodWorker.java:134)
at java.base/java.util.concurrent.Executors$RunnableAdapter.call(Executors.java:515)
at java.base/java.util.concurrent.FutureTask.run(FutureTask.java:264)
at org.testng.internal.thread.graph.TestNGFutureTask.run(TestNGFutureTask.java:22)
at java.base/java.util.concurrent.ThreadPoolExecutor.runWorker(ThreadPoolExecutor.java:1128)
at java.base/java.util.concurrent.ThreadPoolExecutor$Worker.run(ThreadPoolExecutor.java:628)
at java.base/java.lang.Thread.run(Thread.java:834)
]]>
            </full-stacktrace>
          </exception> <!-- java.lang.AssertionError -->
          <reporter-output>
          </reporter-output>
        </test-method> <!-- Test_07_Verify_Email_Field -->
        <test-method signature="Test_08_Verify_Field_Label(java.lang.reflect.Method)[pri:0, instance:guruAccount.New_Customer@6c65860d]" started-at="2024-09-17T16:37:13 ICT" name="Test_08_Verify_Field_Label" finished-at="2024-09-17T16:37:13 ICT" duration-ms="83" status="FAIL">
          <params>
            <param index="0">
              <value>
                <![CDATA[public void guruAccount.New_Customer.Test_08_Verify_Field_Label(java.lang.reflect.Method)]]>
              </value>
            </param>
          </params>
          <exception class="java.lang.AssertionError">
            <message>
              <![CDATA[expected [Mobile Number] but found []]]>
            </message>
            <full-stacktrace>
              <![CDATA[java.lang.AssertionError: expected [Mobile Number] but found []
at org.testng.Assert.fail(Assert.java:111)
at org.testng.Assert.failNotEquals(Assert.java:1578)
at org.testng.Assert.assertEqualsImpl(Assert.java:150)
at org.testng.Assert.assertEquals(Assert.java:132)
at org.testng.Assert.assertEquals(Assert.java:656)
at org.testng.Assert.assertEquals(Assert.java:666)
at guruAccount.New_Customer.Test_08_Verify_Field_Label(New_Customer.java:200)
at java.base/jdk.internal.reflect.NativeMethodAccessorImpl.invoke0(Native Method)
at java.base/jdk.internal.reflect.NativeMethodAccessorImpl.invoke(NativeMethodAccessorImpl.java:62)
at java.base/jdk.internal.reflect.DelegatingMethodAccessorImpl.invoke(DelegatingMethodAccessorImpl.java:43)
at java.base/java.lang.reflect.Method.invoke(Method.java:566)
at org.testng.internal.invokers.MethodInvocationHelper.invokeMethod(MethodInvocationHelper.java:141)
at org.testng.internal.invokers.TestInvoker.invokeMethod(TestInvoker.java:686)
at org.testng.internal.invokers.TestInvoker.invokeTestMethod(TestInvoker.java:230)
at org.testng.internal.invokers.MethodRunner.runInSequence(MethodRunner.java:63)
at org.testng.internal.invokers.TestInvoker$MethodInvocationAgent.invoke(TestInvoker.java:992)
at org.testng.internal.invokers.TestInvoker.invokeTestMethods(TestInvoker.java:203)
at org.testng.internal.invokers.TestMethodWorker.invokeTestMethods(TestMethodWorker.java:154)
at org.testng.internal.invokers.TestMethodWorker.run(TestMethodWorker.java:134)
at java.base/java.util.concurrent.Executors$RunnableAdapter.call(Executors.java:515)
at java.base/java.util.concurrent.FutureTask.run(FutureTask.java:264)
at org.testng.internal.thread.graph.TestNGFutureTask.run(TestNGFutureTask.java:22)
at java.base/java.util.concurrent.ThreadPoolExecutor.runWorker(ThreadPoolExecutor.java:1128)
at java.base/java.util.concurrent.ThreadPoolExecutor$Worker.run(ThreadPoolExecutor.java:628)
at java.base/java.lang.Thread.run(Thread.java:834)
]]>
            </full-stacktrace>
          </exception> <!-- java.lang.AssertionError -->
          <reporter-output>
          </reporter-output>
        </test-method> <!-- Test_08_Verify_Field_Label -->
        <test-method is-config="true" signature="afterClass()[pri:0, instance:guruAccount.New_Customer@6c65860d]" started-at="2024-09-17T16:37:13 ICT" name="afterClass" finished-at="2024-09-17T16:37:14 ICT" duration-ms="1509" status="PASS">
          <reporter-output>
          </reporter-output>
        </test-method> <!-- afterClass -->
      </class> <!-- guruAccount.New_Customer -->
    </test> <!-- Run on Firefox browser -->
  </suite> <!-- Selenium Webdriver -->
</testng-results>
